<?xml version="1.0" encoding="UTF-8"?>
<testng-results ignored="0" total="2" passed="2" failed="0" skipped="0">
  <reporter-output>
  </reporter-output>
  <suite started-at="2020-05-15T09:54:05 IST" name="UI Automation Task - OTP Verification Scenarios" finished-at="2020-05-15T09:55:31 IST" duration-ms="85221">
    <groups>
    </groups>
    <test started-at="2020-05-15T09:54:05 IST" name="Test" finished-at="2020-05-15T09:55:31 IST" duration-ms="85221">
      <class name="getSimpl.testScenarios.OTPVerificationSuccessScenario">
        <test-method is-config="true" signature="intialize()[pri:0, instance:getSimpl.testScenarios.OTPVerificationSuccessScenario@778d1062]" started-at="2020-05-15T09:54:34 IST" name="intialize" finished-at="2020-05-15T09:55:01 IST" duration-ms="27530" status="PASS">
          <reporter-output>
          </reporter-output>
        </test-method> <!-- intialize -->
        <test-method signature="OTPSuccessVerification()[pri:0, instance:getSimpl.testScenarios.OTPVerificationSuccessScenario@778d1062]" started-at="2020-05-15T09:55:02 IST" name="OTPSuccessVerification" finished-at="2020-05-15T09:55:13 IST" duration-ms="11593" status="PASS">
          <reporter-output>
          </reporter-output>
        </test-method> <!-- OTPSuccessVerification -->
        <test-method is-config="true" signature="teardown()[pri:0, instance:getSimpl.testScenarios.OTPVerificationSuccessScenario@778d1062]" started-at="2020-05-15T09:55:23 IST" name="teardown" finished-at="2020-05-15T09:55:31 IST" duration-ms="7554" status="PASS">
          <reporter-output>
          </reporter-output>
        </test-method> <!-- teardown -->
      </class> <!-- getSimpl.testScenarios.OTPVerificationSuccessScenario -->
      <class name="getSimpl.testScenarios.OTPVerificationFailureScenario">
        <test-method is-config="true" signature="intialize()[pri:0, instance:getSimpl.testScenarios.OTPVerificationFailureScenario@670002]" started-at="2020-05-15T09:54:05 IST" name="intialize" finished-at="2020-05-15T09:54:34 IST" duration-ms="28616" status="PASS">
          <reporter-output>
          </reporter-output>
        </test-method> <!-- intialize -->
        <test-method signature="OTPFailVerification()[pri:0, instance:getSimpl.testScenarios.OTPVerificationFailureScenario@670002]" started-at="2020-05-15T09:55:13 IST" name="OTPFailVerification" finished-at="2020-05-15T09:55:20 IST" duration-ms="6579" status="PASS">
          <reporter-output>
          </reporter-output>
        </test-method> <!-- OTPFailVerification -->
        <test-method is-config="true" signature="teardown()[pri:0, instance:getSimpl.testScenarios.OTPVerificationFailureScenario@670002]" started-at="2020-05-15T09:55:20 IST" name="teardown" finished-at="2020-05-15T09:55:23 IST" duration-ms="3279" status="PASS">
          <reporter-output>
          </reporter-output>
        </test-method> <!-- teardown -->
      </class> <!-- getSimpl.testScenarios.OTPVerificationFailureScenario -->
    </test> <!-- Test -->
  </suite> <!-- UI Automation Task - OTP Verification Scenarios -->
</testng-results>
