<?xml version="1.0" encoding="UTF-8"?>
<!-- Generated by org.testng.reporters.JUnitXMLReporter -->
<testsuite ignored="0" hostname="Af-wMac" failures="0" tests="2" name="Test" time="85.221" errors="0" timestamp="2020-05-15T09:55:31 IST">
  <testcase classname="getSimpl.testScenarios.OTPVerificationSuccessScenario" name="OTPSuccessVerification" time="11.593"/>
  <testcase classname="getSimpl.testScenarios.OTPVerificationFailureScenario" name="OTPFailVerification" time="6.579"/>
</testsuite> <!-- Test -->
